[2025-11-13 15:58:39] === INICIO DE IMPORTACIÓN ===
[2025-11-13 15:58:39] Archivo procesado: plantilla_base.xlsx
[2025-11-13 15:58:39] SUCCESS - Fila 2: Usuario 986009548 insertado correctamente
[2025-11-13 15:58:39] SUCCESS - Fila 3: Usuario 941946933 insertado correctamente
[2025-11-13 15:58:39] SUCCESS - Fila 4: Usuario 762203166 insertado correctamente
[2025-11-13 15:58:39] SUCCESS - Fila 5: Usuario 371399651 insertado correctamente
[2025-11-13 15:58:39] SUCCESS - Fila 6: Usuario 989541779 insertado correctamente
[2025-11-13 15:58:39] SUCCESS - Fila 7: Usuario 195612738 insertado correctamente
[2025-11-13 15:58:39] SUCCESS - Fila 8: Usuario 344414840 insertado correctamente
[2025-11-13 15:58:39] SUCCESS - Fila 9: Usuario 458337913 insertado correctamente
[2025-11-13 15:58:39] SUCCESS - Fila 10: Usuario 421084116 insertado correctamente
[2025-11-13 15:58:39] SUCCESS - Fila 11: Usuario 159599016 insertado correctamente
[2025-11-13 15:58:39] SUCCESS - Fila 12: Usuario 556464682 insertado correctamente
[2025-11-13 15:58:39] SUCCESS - Fila 13: Usuario 650421629 insertado correctamente
[2025-11-13 15:58:39] SUCCESS - Fila 14: Usuario 601129065 insertado correctamente
[2025-11-13 15:58:39] SUCCESS - Fila 15: Usuario 787493238 insertado correctamente
[2025-11-13 15:58:39] SUCCESS - Fila 16: Usuario 838420401 insertado correctamente
[2025-11-13 15:58:39] SUCCESS - Fila 17: Usuario 632816801 insertado correctamente
[2025-11-13 15:58:39] SUCCESS - Fila 18: Usuario 389477322 insertado correctamente
[2025-11-13 15:58:39] SUCCESS - Fila 19: Usuario 189161191 insertado correctamente
[2025-11-13 15:58:39] SUCCESS - Fila 20: Usuario 941132972 insertado correctamente
[2025-11-13 15:58:39] SUCCESS - Fila 21: Usuario 979193161 insertado correctamente
[2025-11-13 15:58:39] SUCCESS - Fila 22: Usuario 676494071 insertado correctamente
[2025-11-13 15:58:39] SUCCESS - Fila 23: Usuario 810583363 insertado correctamente
[2025-11-13 15:58:39] SUCCESS - Fila 24: Usuario 387679348 insertado correctamente
[2025-11-13 15:58:39] SUCCESS - Fila 25: Usuario 432539294 insertado correctamente
[2025-11-13 15:58:39] SUCCESS - Fila 26: Usuario 742900202 insertado correctamente
[2025-11-13 15:58:39] SUCCESS - Fila 27: Usuario 446388552 insertado correctamente
[2025-11-13 15:58:39] SUCCESS - Fila 28: Usuario 915455470 insertado correctamente
[2025-11-13 15:58:39] SUCCESS - Fila 29: Usuario 550710330 insertado correctamente
[2025-11-13 15:58:39] SUCCESS - Fila 30: Usuario 37967870 insertado correctamente
[2025-11-13 15:58:39] SUCCESS - Fila 31: Usuario 480421076 insertado correctamente
[2025-11-13 15:58:39] SUCCESS - Fila 32: Usuario 525336275 insertado correctamente
[2025-11-13 15:58:39] SUCCESS - Fila 33: Usuario 530517588 insertado correctamente
[2025-11-13 15:58:39] SUCCESS - Fila 34: Usuario 726850579 insertado correctamente
[2025-11-13 15:58:39] SUCCESS - Fila 35: Usuario 371729920 insertado correctamente
[2025-11-13 15:58:39] SUCCESS - Fila 36: Usuario 463447640 insertado correctamente
[2025-11-13 15:58:39] SUCCESS - Fila 37: Usuario 915694604 insertado correctamente
[2025-11-13 15:58:39] SUCCESS - Fila 38: Usuario 443024049 insertado correctamente
[2025-11-13 15:58:39] SUCCESS - Fila 39: Usuario 248754451 insertado correctamente
[2025-11-13 15:58:39] SUCCESS - Fila 40: Usuario 562357852 insertado correctamente
[2025-11-13 15:58:39] SUCCESS - Fila 41: Usuario 568405101 insertado correctamente
[2025-11-13 15:58:39] SUCCESS - Fila 42: Usuario 890995750 insertado correctamente
[2025-11-13 15:58:39] SUCCESS - Fila 43: Usuario 298143218 insertado correctamente
[2025-11-13 15:58:39] SUCCESS - Fila 44: Usuario 370558569 insertado correctamente
[2025-11-13 15:58:39] SUCCESS - Fila 45: Usuario 142789016 insertado correctamente
[2025-11-13 15:58:39] SUCCESS - Fila 46: Usuario 679807792 insertado correctamente
[2025-11-13 15:58:39] SUCCESS - Fila 47: Usuario 467947671 insertado correctamente
[2025-11-13 15:58:39] SUCCESS - Fila 48: Usuario 552904615 insertado correctamente
[2025-11-13 15:58:39] SUCCESS - Fila 49: Usuario 332347403 insertado correctamente
[2025-11-13 15:58:39] SUCCESS - Fila 50: Usuario 980259428 insertado correctamente
[2025-11-13 15:58:39] SUCCESS - Fila 51: Usuario 625546942 insertado correctamente
[2025-11-13 15:58:39] SUCCESS - Fila 52: Usuario 647116194 insertado correctamente
[2025-11-13 15:58:39] SUCCESS - Fila 53: Usuario 673873434 insertado correctamente
[2025-11-13 15:58:39] SUCCESS - Fila 54: Usuario 584724913 insertado correctamente
[2025-11-13 15:58:39] SUCCESS - Fila 55: Usuario 951325009 insertado correctamente
[2025-11-13 15:58:39] SUCCESS - Fila 56: Usuario 557786832 insertado correctamente
[2025-11-13 15:58:39] SUCCESS - Fila 57: Usuario 880556951 insertado correctamente
[2025-11-13 15:58:39] SUCCESS - Fila 58: Usuario 956073651 insertado correctamente
[2025-11-13 15:58:39] SUCCESS - Fila 59: Usuario 974273155 insertado correctamente
[2025-11-13 15:58:39] SUCCESS - Fila 60: Usuario 168924580 insertado correctamente
[2025-11-13 15:58:39] SUCCESS - Fila 61: Usuario 913029978 insertado correctamente
[2025-11-13 15:58:39] SUCCESS - Fila 62: Usuario 188436160 insertado correctamente
[2025-11-13 15:58:39] SUCCESS - Fila 63: Usuario 229757915 insertado correctamente
[2025-11-13 15:58:39] SUCCESS - Fila 64: Usuario 843162189 insertado correctamente
[2025-11-13 15:58:39] SUCCESS - Fila 65: Usuario 938001821 insertado correctamente
[2025-11-13 15:58:39] SUCCESS - Fila 66: Usuario 58200071 insertado correctamente
[2025-11-13 15:58:39] SUCCESS - Fila 67: Usuario 723381231 insertado correctamente
[2025-11-13 15:58:39] SUCCESS - Fila 68: Usuario 671826551 insertado correctamente
[2025-11-13 15:58:39] SUCCESS - Fila 69: Usuario 891817281 insertado correctamente
[2025-11-13 15:58:39] SUCCESS - Fila 70: Usuario 957401285 insertado correctamente
[2025-11-13 15:58:39] SUCCESS - Fila 71: Usuario 738522539 insertado correctamente
[2025-11-13 15:58:39] SUCCESS - Fila 72: Usuario 814559052 insertado correctamente
[2025-11-13 15:58:39] SUCCESS - Fila 73: Usuario 121675858 insertado correctamente
[2025-11-13 15:58:39] SUCCESS - Fila 74: Usuario 524432549 insertado correctamente
[2025-11-13 15:58:39] SUCCESS - Fila 75: Usuario 967244098 insertado correctamente
[2025-11-13 15:58:39] SUCCESS - Fila 76: Usuario 407117615 insertado correctamente
[2025-11-13 15:58:39] SUCCESS - Fila 77: Usuario 743582497 insertado correctamente
[2025-11-13 15:58:39] SUCCESS - Fila 78: Usuario 344024429 insertado correctamente
[2025-11-13 15:58:39] SUCCESS - Fila 79: Usuario 913430045 insertado correctamente
[2025-11-13 15:58:39] SUCCESS - Fila 80: Usuario 548040221 insertado correctamente
[2025-11-13 15:58:39] SUCCESS - Fila 81: Usuario 59967170 insertado correctamente
[2025-11-13 15:58:39] SUCCESS - Fila 82: Usuario 516358504 insertado correctamente
[2025-11-13 15:58:39] SUCCESS - Fila 83: Usuario 675283144 insertado correctamente
[2025-11-13 15:58:39] SUCCESS - Fila 84: Usuario 264005194 insertado correctamente
[2025-11-13 15:58:39] SUCCESS - Fila 85: Usuario 764916966 insertado correctamente
[2025-11-13 15:58:39] SUCCESS - Fila 86: Usuario 619170079 insertado correctamente
[2025-11-13 15:58:39] SUCCESS - Fila 87: Usuario 420028577 insertado correctamente
[2025-11-13 15:58:39] SUCCESS - Fila 88: Usuario 274455497 insertado correctamente
[2025-11-13 15:58:39] SUCCESS - Fila 89: Usuario 498184631 insertado correctamente
[2025-11-13 15:58:39] SUCCESS - Fila 90: Usuario 482716987 insertado correctamente
[2025-11-13 15:58:39] SUCCESS - Fila 91: Usuario 528833816 insertado correctamente
[2025-11-13 15:58:39] SUCCESS - Fila 92: Usuario 592164288 insertado correctamente
[2025-11-13 15:58:39] SUCCESS - Fila 93: Usuario 13925800 insertado correctamente
[2025-11-13 15:58:39] SUCCESS - Fila 94: Usuario 951024363 insertado correctamente
[2025-11-13 15:58:39] SUCCESS - Fila 95: Usuario 659517596 insertado correctamente
[2025-11-13 15:58:39] SUCCESS - Fila 96: Usuario 444732020 insertado correctamente
[2025-11-13 15:58:39] SUCCESS - Fila 97: Usuario 906669269 insertado correctamente
[2025-11-13 15:58:39] SUCCESS - Fila 98: Usuario 121452937 insertado correctamente
[2025-11-13 15:58:39] SUCCESS - Fila 99: Usuario 353631625 insertado correctamente
[2025-11-13 15:58:39] SUCCESS - Fila 100: Usuario 138361583 insertado correctamente
[2025-11-13 15:58:39] SUCCESS - Fila 101: Usuario 260799060 insertado correctamente
[2025-11-13 15:58:39] === RESUMEN DE IMPORTACIÓN ===
[2025-11-13 15:58:39] Nuevos registros: 100
[2025-11-13 15:58:39] Registros actualizados: 0
[2025-11-13 15:58:39] Filas vacías omitidas: 0
[2025-11-13 15:58:39] Total de errores: 0
[2025-11-13 15:58:39] === FIN DE IMPORTACIÓN ===
