2025-10-21 01:52:56 - Inicio del script
2025-10-21 01:52:56 - Sesión iniciada
2025-10-21 01:52:56 - Librerías cargadas
2025-10-20 18:52:56 - Rol: 12
2025-10-20 18:52:56 - Permisos insuficientes
2025-10-21 01:54:17 - Inicio del script
2025-10-21 01:54:17 - Sesión iniciada
2025-10-21 01:54:17 - Librerías cargadas
2025-10-20 18:54:17 - Rol: 12
2025-10-20 18:54:17 - Permisos OK
2025-10-20 18:54:17 - Creando Spreadsheet
2025-10-20 18:54:19 - Ejecutando consulta principal
2025-10-20 18:54:21 - Procesados 1000 usuarios
2025-10-20 18:54:21 - Creando writer
2025-10-20 18:54:22 - Enviando headers
2025-10-20 18:54:22 - Enviando archivo
2025-10-21 01:56:51 - Inicio del script
2025-10-21 01:56:51 - Sesión iniciada
2025-10-21 01:56:51 - Librerías cargadas
2025-10-20 18:56:51 - Rol: 12
2025-10-20 18:56:51 - Permisos OK
2025-10-20 18:56:51 - Creando Spreadsheet
2025-10-20 18:56:51 - Ejecutando consulta principal
2025-10-20 18:56:53 - Procesados 1000 usuarios
2025-10-20 18:56:53 - Creando writer
2025-10-20 18:56:53 - Enviando headers
2025-10-20 18:56:53 - Enviando archivo
2025-10-20 18:56:54 - Archivo enviado exitosamente
2025-10-21 02:00:04 - Inicio del script
2025-10-21 02:00:04 - Sesión iniciada
2025-10-21 02:00:04 - Librerías cargadas
2025-10-20 19:00:04 - Rol: 12
2025-10-20 19:00:04 - Permisos OK
2025-10-20 19:00:04 - Creando Spreadsheet
2025-10-20 19:00:04 - Ejecutando consulta principal
2025-10-20 19:00:06 - Procesados 1000 usuarios
2025-10-20 19:00:06 - Creando writer
2025-10-20 19:00:06 - Enviando headers
2025-10-20 19:00:06 - Enviando archivo
2025-10-20 19:00:07 - Archivo enviado exitosamente
